<?xml version="1.0" encoding="UTF-8"?>
<!-- Generated by org.testng.reporters.JUnitReportReporter -->
<testsuite skipped="0" hostname="LAPTOP-QNPV151A" name="com.jbk.test.POM.TestLP" tests="2" failures="0" timestamp="28 Feb 2022 05:17:08 GMT" time="14.444" errors="0">
  <testcase name="TestRegister" time="9.009" classname="com.jbk.test.POM.TestLP"/>
  <testcase name="loginTest" time="5.435" classname="com.jbk.test.POM.TestLP"/>
</testsuite> <!-- com.jbk.test.POM.TestLP -->
