<?xml version="1.0" encoding="UTF-8"?>
<!-- Generated by org.testng.reporters.JUnitReportReporter -->
<testsuite skipped="0" hostname="LAPTOP-QNPV151A" name="com.jbk.TestEx1" tests="3" failures="0" timestamp="19 Feb 2022 05:25:31 GMT" time="13.120" errors="0">
  <testcase name="f" time="6.965" classname="com.jbk.TestEx1"/>
  <testcase name="f" time="3.012" classname="com.jbk.TestEx1"/>
  <testcase name="f" time="3.143" classname="com.jbk.TestEx1"/>
</testsuite> <!-- com.jbk.TestEx1 -->
